<?xml version="1.0" ?>
<coverage version="7.13.1" timestamp="1767662259313" lines-valid="2" lines-covered="2" line-rate="1" branches-valid="0" branches-covered="0" branch-rate="1" complexity="0">
	<!-- Generated by coverage.py: https://coverage.readthedocs.io/en/7.13.1 -->
	<!-- Based on https://raw.githubusercontent.com/cobertura/web/master/htdocs/xml/coverage-04.dtd -->
	<sources>
		<source>/Users/davidpatterson/src/Languages/Python/Makefiles/e3e/src</source>
	</sources>
	<packages>
		<package name="e3" line-rate="1" branch-rate="1" complexity="0">
			<classes>
				<class name="foo.py" filename="e3/foo.py" complexity="0" line-rate="1" branch-rate="1">
					<methods/>
					<lines>
						<line number="1" hits="1"/>
						<line number="13" hits="1"/>
					</lines>
				</class>
			</classes>
		</package>
	</packages>
</coverage>
